[debug] [2021-12-30T00:20:00.274Z] ----------------------------------------------------------------------
[debug] [2021-12-30T00:20:00.276Z] Command:       C:\Program Files\nodejs\node.exe E:\Angular_Programming\Portfolio\Portfolio-Website-V1\node_modules\firebase-tools\lib\bin\firebase.js deploy
[debug] [2021-12-30T00:20:00.276Z] CLI Version:   9.20.0
[debug] [2021-12-30T00:20:00.277Z] Platform:      win32
[debug] [2021-12-30T00:20:00.277Z] Node Version:  v14.17.6
[debug] [2021-12-30T00:20:00.278Z] Time:          Wed Dec 29 2021 19:20:00 GMT-0500 (Eastern Standard Time)
[debug] [2021-12-30T00:20:00.278Z] ----------------------------------------------------------------------
[debug] 
[debug] [2021-12-30T00:20:00.340Z] > command requires scopes: ["email","openid","https://www.googleapis.com/auth/cloudplatformprojects.readonly","https://www.googleapis.com/auth/firebase","https://www.googleapis.com/auth/cloud-platform"]
[debug] [2021-12-30T00:20:00.340Z] > authorizing via signed-in user (karmit199@gmail.com)
[debug] [2021-12-30T00:20:00.341Z] [iam] checking project karmitp98 for permissions ["cloudfunctions.functions.create","cloudfunctions.functions.delete","cloudfunctions.functions.get","cloudfunctions.functions.list","cloudfunctions.functions.update","cloudfunctions.operations.get","firebase.projects.get","firebasehosting.sites.update"]
[debug] [2021-12-30T00:20:00.343Z] >>> HTTP REQUEST POST https://cloudresourcemanager.googleapis.com/v1/projects/karmitp98:testIamPermissions  
 {"permissions":["cloudfunctions.functions.create","cloudfunctions.functions.delete","cloudfunctions.functions.get","cloudfunctions.functions.list","cloudfunctions.functions.update","cloudfunctions.operations.get","firebase.projects.get","firebasehosting.sites.update"]}
[debug] [2021-12-30T00:20:00.663Z] <<< HTTP RESPONSE 200 {"content-type":"application/json; charset=UTF-8","vary":"X-Origin, Referer, Origin,Accept-Encoding","date":"Thu, 30 Dec 2021 00:20:00 GMT","server":"ESF","cache-control":"private","x-xss-protection":"0","x-frame-options":"SAMEORIGIN","x-content-type-options":"nosniff","server-timing":"gfet4t7; dur=162","alt-svc":"h3=\":443\"; ma=2592000,h3-29=\":443\"; ma=2592000,h3-Q050=\":443\"; ma=2592000,h3-Q046=\":443\"; ma=2592000,h3-Q043=\":443\"; ma=2592000,quic=\":443\"; ma=2592000; v=\"46,43\"","accept-ranges":"none","transfer-encoding":"chunked"}
[debug] [2021-12-30T00:20:00.665Z] >>> HTTP REQUEST POST https://iam.googleapis.com/v1/projects/karmitp98/serviceAccounts/karmitp98@appspot.gserviceaccount.com:testIamPermissions  
 {"permissions":["iam.serviceAccounts.actAs"]}
[debug] [2021-12-30T00:20:00.963Z] <<< HTTP RESPONSE 200 {"content-type":"application/json; charset=UTF-8","vary":"X-Origin, Referer, Origin,Accept-Encoding","date":"Thu, 30 Dec 2021 00:20:00 GMT","server":"ESF","cache-control":"private","x-xss-protection":"0","x-frame-options":"SAMEORIGIN","x-content-type-options":"nosniff","alt-svc":"h3=\":443\"; ma=2592000,h3-29=\":443\"; ma=2592000,h3-Q050=\":443\"; ma=2592000,h3-Q046=\":443\"; ma=2592000,h3-Q043=\":443\"; ma=2592000,quic=\":443\"; ma=2592000; v=\"46,43\"","accept-ranges":"none","transfer-encoding":"chunked"}
[debug] [2021-12-30T00:20:00.965Z] > refreshing access token with scopes: []
[debug] [2021-12-30T00:20:00.965Z] >>> HTTP REQUEST POST https://www.googleapis.com/oauth2/v3/token  
 <request body omitted>
[debug] [2021-12-30T00:20:01.142Z] <<< HTTP RESPONSE 200 {"pragma":"no-cache","expires":"Mon, 01 Jan 1990 00:00:00 GMT","date":"Thu, 30 Dec 2021 00:20:01 GMT","cache-control":"no-cache, no-store, max-age=0, must-revalidate","content-type":"application/json; charset=utf-8","vary":"X-Origin, Referer, Origin,Accept-Encoding","server":"scaffolding on HTTPServer2","x-xss-protection":"0","x-frame-options":"SAMEORIGIN","x-content-type-options":"nosniff","alt-svc":"h3=\":443\"; ma=2592000,h3-29=\":443\"; ma=2592000,h3-Q050=\":443\"; ma=2592000,h3-Q046=\":443\"; ma=2592000,h3-Q043=\":443\"; ma=2592000,quic=\":443\"; ma=2592000; v=\"46,43\"","accept-ranges":"none","transfer-encoding":"chunked"}
[debug] [2021-12-30T00:20:01.151Z] >>> [apiv2][query] GET https://firebase.googleapis.com/v1beta1/projects/karmitp98 [none]
[debug] [2021-12-30T00:20:01.517Z] <<< [apiv2][status] GET https://firebase.googleapis.com/v1beta1/projects/karmitp98 200
[debug] [2021-12-30T00:20:01.517Z] <<< [apiv2][body] GET https://firebase.googleapis.com/v1beta1/projects/karmitp98 {"projectId":"karmitp98","projectNumber":"637204849653","displayName":"KarmitP","name":"projects/karmitp98","resources":{"hostingSite":"karmitp98","storageBucket":"karmitp98.appspot.com","locationId":"us-central"},"state":"ACTIVE"}
[info] 
[info] === Deploying to 'karmitp98'...
[info] 
[info] i  deploying functions, hosting 
[info] Running command: npm --prefix "$RESOURCE_DIR" run lint
[info] Running command: npm --prefix "$RESOURCE_DIR" run build
[info] +  functions: Finished running predeploy script. 
[debug] [2021-12-30T00:20:14.840Z] Validating nodejs source
[debug] [2021-12-30T00:20:17.459Z] > [functions] package.json contents: {
  "name": "functions",
  "scripts": {
    "lint": "eslint --ext .js,.ts .",
    "build": "tsc",
    "serve": "npm run build && firebase emulators:start --only functions",
    "shell": "npm run build && firebase functions:shell",
    "start": "npm run shell",
    "deploy": "firebase deploy --only functions",
    "logs": "firebase functions:log"
  },
  "engines": {
    "node": "14"
  },
  "main": "lib/index.js",
  "dependencies": {
    "firebase-admin": "^9.8.0",
    "firebase-functions": "^3.14.1",
    "nodemailer": "^6.7.2",
    "cors": "^2.8.5"
  },
  "devDependencies": {
    "@types/nodemailer": "^6.4.4",
    "@typescript-eslint/eslint-plugin": "^3.9.1",
    "@typescript-eslint/parser": "^3.8.0",
    "eslint": "^7.6.0",
    "eslint-config-google": "^0.14.0",
    "eslint-plugin-import": "^2.22.0",
    "firebase-functions-test": "^0.2.0",
    "typescript": "^3.8.0"
  },
  "private": true
}
[debug] [2021-12-30T00:20:17.459Z] Building nodejs source
[info] i  functions: ensuring required API cloudfunctions.googleapis.com is enabled... 
[debug] [2021-12-30T00:20:17.460Z] > refreshing access token with scopes: ["email","https://www.googleapis.com/auth/cloud-platform","https://www.googleapis.com/auth/cloudplatformprojects.readonly","https://www.googleapis.com/auth/firebase","openid"]
[debug] [2021-12-30T00:20:17.460Z] >>> HTTP REQUEST POST https://www.googleapis.com/oauth2/v3/token  
 <request body omitted>
[debug] [2021-12-30T00:20:17.461Z] > refreshing access token with scopes: ["email","https://www.googleapis.com/auth/cloud-platform","https://www.googleapis.com/auth/cloudplatformprojects.readonly","https://www.googleapis.com/auth/firebase","openid"]
[debug] [2021-12-30T00:20:17.461Z] >>> HTTP REQUEST POST https://www.googleapis.com/oauth2/v3/token  
 <request body omitted>
[info] i  functions: ensuring required API cloudbuild.googleapis.com is enabled... 
[debug] [2021-12-30T00:20:17.462Z] > refreshing access token with scopes: ["email","https://www.googleapis.com/auth/cloud-platform","https://www.googleapis.com/auth/cloudplatformprojects.readonly","https://www.googleapis.com/auth/firebase","openid"]
[debug] [2021-12-30T00:20:17.462Z] >>> HTTP REQUEST POST https://www.googleapis.com/oauth2/v3/token  
 <request body omitted>
[debug] [2021-12-30T00:20:17.591Z] <<< HTTP RESPONSE 200 {"cache-control":"no-cache, no-store, max-age=0, must-revalidate","pragma":"no-cache","expires":"Mon, 01 Jan 1990 00:00:00 GMT","date":"Thu, 30 Dec 2021 00:20:17 GMT","content-type":"application/json; charset=utf-8","vary":"X-Origin, Referer, Origin,Accept-Encoding","server":"scaffolding on HTTPServer2","x-xss-protection":"0","x-frame-options":"SAMEORIGIN","x-content-type-options":"nosniff","alt-svc":"h3=\":443\"; ma=2592000,h3-29=\":443\"; ma=2592000,h3-Q050=\":443\"; ma=2592000,h3-Q046=\":443\"; ma=2592000,h3-Q043=\":443\"; ma=2592000,quic=\":443\"; ma=2592000; v=\"46,43\"","accept-ranges":"none","transfer-encoding":"chunked"}
[debug] [2021-12-30T00:20:17.601Z] >>> HTTP REQUEST GET https://serviceusage.googleapis.com/v1/projects/karmitp98/services/runtimeconfig.googleapis.com  
 
[debug] [2021-12-30T00:20:17.603Z] <<< HTTP RESPONSE 200 {"date":"Thu, 30 Dec 2021 00:20:17 GMT","pragma":"no-cache","expires":"Mon, 01 Jan 1990 00:00:00 GMT","cache-control":"no-cache, no-store, max-age=0, must-revalidate","content-type":"application/json; charset=utf-8","vary":"X-Origin, Referer, Origin,Accept-Encoding","server":"scaffolding on HTTPServer2","x-xss-protection":"0","x-frame-options":"SAMEORIGIN","x-content-type-options":"nosniff","alt-svc":"h3=\":443\"; ma=2592000,h3-29=\":443\"; ma=2592000,h3-Q050=\":443\"; ma=2592000,h3-Q046=\":443\"; ma=2592000,h3-Q043=\":443\"; ma=2592000,quic=\":443\"; ma=2592000; v=\"46,43\"","accept-ranges":"none","transfer-encoding":"chunked"}
[debug] [2021-12-30T00:20:17.610Z] >>> HTTP REQUEST GET https://serviceusage.googleapis.com/v1/projects/karmitp98/services/cloudfunctions.googleapis.com  
 
[debug] [2021-12-30T00:20:17.611Z] <<< HTTP RESPONSE 200 {"cache-control":"no-cache, no-store, max-age=0, must-revalidate","pragma":"no-cache","expires":"Mon, 01 Jan 1990 00:00:00 GMT","date":"Thu, 30 Dec 2021 00:20:17 GMT","content-type":"application/json; charset=utf-8","vary":"X-Origin, Referer, Origin,Accept-Encoding","server":"scaffolding on HTTPServer2","x-xss-protection":"0","x-frame-options":"SAMEORIGIN","x-content-type-options":"nosniff","alt-svc":"h3=\":443\"; ma=2592000,h3-29=\":443\"; ma=2592000,h3-Q050=\":443\"; ma=2592000,h3-Q046=\":443\"; ma=2592000,h3-Q043=\":443\"; ma=2592000,quic=\":443\"; ma=2592000; v=\"46,43\"","accept-ranges":"none","transfer-encoding":"chunked"}
[debug] [2021-12-30T00:20:17.618Z] >>> HTTP REQUEST GET https://serviceusage.googleapis.com/v1/projects/karmitp98/services/cloudbuild.googleapis.com  
 
[debug] [2021-12-30T00:20:17.997Z] <<< HTTP RESPONSE 200 {"content-type":"application/json; charset=UTF-8","vary":"X-Origin, Referer, Origin,Accept-Encoding","date":"Thu, 30 Dec 2021 00:20:18 GMT","server":"ESF","cache-control":"private","x-xss-protection":"0","x-frame-options":"SAMEORIGIN","x-content-type-options":"nosniff","alt-svc":"h3=\":443\"; ma=2592000,h3-29=\":443\"; ma=2592000,h3-Q050=\":443\"; ma=2592000,h3-Q046=\":443\"; ma=2592000,h3-Q043=\":443\"; ma=2592000,quic=\":443\"; ma=2592000; v=\"46,43\"","accept-ranges":"none","transfer-encoding":"chunked"}
[debug] [2021-12-30T00:20:18.068Z] <<< HTTP RESPONSE 200 {"content-type":"application/json; charset=UTF-8","vary":"X-Origin, Referer, Origin,Accept-Encoding","date":"Thu, 30 Dec 2021 00:20:18 GMT","server":"ESF","cache-control":"private","x-xss-protection":"0","x-frame-options":"SAMEORIGIN","x-content-type-options":"nosniff","alt-svc":"h3=\":443\"; ma=2592000,h3-29=\":443\"; ma=2592000,h3-Q050=\":443\"; ma=2592000,h3-Q046=\":443\"; ma=2592000,h3-Q043=\":443\"; ma=2592000,quic=\":443\"; ma=2592000; v=\"46,43\"","accept-ranges":"none","transfer-encoding":"chunked"}
[info] +  functions: required API cloudbuild.googleapis.com is enabled 
[debug] [2021-12-30T00:20:18.070Z] <<< HTTP RESPONSE 200 {"content-type":"application/json; charset=UTF-8","vary":"X-Origin, Referer, Origin,Accept-Encoding","date":"Thu, 30 Dec 2021 00:20:18 GMT","server":"ESF","cache-control":"private","x-xss-protection":"0","x-frame-options":"SAMEORIGIN","x-content-type-options":"nosniff","alt-svc":"h3=\":443\"; ma=2592000,h3-29=\":443\"; ma=2592000,h3-Q050=\":443\"; ma=2592000,h3-Q046=\":443\"; ma=2592000,h3-Q043=\":443\"; ma=2592000,quic=\":443\"; ma=2592000; v=\"46,43\"","accept-ranges":"none","transfer-encoding":"chunked"}
[info] +  functions: required API cloudfunctions.googleapis.com is enabled 
[debug] [2021-12-30T00:20:18.071Z] >>> HTTP REQUEST GET https://firebase.googleapis.com/v1beta1/projects/karmitp98/adminSdkConfig  
 
[debug] [2021-12-30T00:20:18.486Z] <<< HTTP RESPONSE 200 {"content-type":"application/json; charset=UTF-8","vary":"X-Origin, Referer, Origin,Accept-Encoding","date":"Thu, 30 Dec 2021 00:20:18 GMT","server":"ESF","cache-control":"private","x-xss-protection":"0","x-frame-options":"SAMEORIGIN","x-content-type-options":"nosniff","alt-svc":"h3=\":443\"; ma=2592000,h3-29=\":443\"; ma=2592000,h3-Q050=\":443\"; ma=2592000,h3-Q046=\":443\"; ma=2592000,h3-Q043=\":443\"; ma=2592000,quic=\":443\"; ma=2592000; v=\"46,43\"","accept-ranges":"none","transfer-encoding":"chunked"}
[debug] [2021-12-30T00:20:18.487Z] >>> HTTP REQUEST GET https://runtimeconfig.googleapis.com/v1beta1/projects/karmitp98/configs  
 
[debug] [2021-12-30T00:20:18.740Z] <<< HTTP RESPONSE 200 {"content-type":"application/json; charset=UTF-8","vary":"X-Origin, Referer, Origin,Accept-Encoding","date":"Thu, 30 Dec 2021 00:20:18 GMT","server":"ESF","cache-control":"private","x-xss-protection":"0","x-frame-options":"SAMEORIGIN","x-content-type-options":"nosniff","alt-svc":"h3=\":443\"; ma=2592000,h3-29=\":443\"; ma=2592000,h3-Q050=\":443\"; ma=2592000,h3-Q046=\":443\"; ma=2592000,h3-Q043=\":443\"; ma=2592000,quic=\":443\"; ma=2592000; v=\"46,43\"","accept-ranges":"none","transfer-encoding":"chunked"}
[debug] [2021-12-30T00:20:18.741Z] Analyzing nodejs backend spec
[info] i  functions: preparing functions directory for uploading... 
[info] i  functions: packaged functions (45.81 KB) for uploading 
[debug] [2021-12-30T00:20:18.999Z] >>> HTTP REQUEST GET https://cloudfunctions.googleapis.com/v1/projects/karmitp98/locations/-/functions  
 
[debug] [2021-12-30T00:20:19.563Z] <<< HTTP RESPONSE 200 {"content-type":"application/json; charset=UTF-8","vary":"X-Origin, Referer, Origin,Accept-Encoding","date":"Thu, 30 Dec 2021 00:20:19 GMT","server":"ESF","cache-control":"private","x-xss-protection":"0","x-frame-options":"SAMEORIGIN","x-content-type-options":"nosniff","alt-svc":"h3=\":443\"; ma=2592000,h3-29=\":443\"; ma=2592000,h3-Q050=\":443\"; ma=2592000,h3-Q046=\":443\"; ma=2592000,h3-Q043=\":443\"; ma=2592000,quic=\":443\"; ma=2592000; v=\"46,43\"","accept-ranges":"none","transfer-encoding":"chunked"}
[debug] [2021-12-30T00:20:19.566Z] >>> HTTP REQUEST POST https://firebasehosting.googleapis.com/v1beta1/sites/karmitp98/versions  
 {"config":{"rewrites":[{"glob":"**","path":"/index.html"}]},"labels":{"deployment-tool":"cli-firebase"}}
[debug] [2021-12-30T00:20:20.075Z] <<< HTTP RESPONSE 200 {"content-type":"application/json; charset=UTF-8","vary":"X-Origin, Referer, Origin,Accept-Encoding","date":"Thu, 30 Dec 2021 00:20:20 GMT","server":"ESF","cache-control":"private","x-xss-protection":"0","x-frame-options":"SAMEORIGIN","x-content-type-options":"nosniff","alt-svc":"h3=\":443\"; ma=2592000,h3-29=\":443\"; ma=2592000,h3-Q050=\":443\"; ma=2592000,h3-Q046=\":443\"; ma=2592000,h3-Q043=\":443\"; ma=2592000,quic=\":443\"; ma=2592000; v=\"46,43\"","accept-ranges":"none","transfer-encoding":"chunked"}
[debug] [2021-12-30T00:20:20.076Z] >>> HTTP REQUEST POST https://cloudfunctions.googleapis.com/v1/projects/karmitp98/locations/us-central1/functions:generateUploadUrl  
 
[debug] [2021-12-30T00:20:20.757Z] <<< HTTP RESPONSE 200 {"content-type":"application/json; charset=UTF-8","vary":"X-Origin, Referer, Origin,Accept-Encoding","date":"Thu, 30 Dec 2021 00:20:20 GMT","server":"ESF","cache-control":"private","x-xss-protection":"0","x-frame-options":"SAMEORIGIN","x-content-type-options":"nosniff","alt-svc":"h3=\":443\"; ma=2592000,h3-29=\":443\"; ma=2592000,h3-Q050=\":443\"; ma=2592000,h3-Q046=\":443\"; ma=2592000,h3-Q043=\":443\"; ma=2592000,quic=\":443\"; ma=2592000; v=\"46,43\"","accept-ranges":"none","transfer-encoding":"chunked"}
[debug] [2021-12-30T00:20:20.758Z] >>> HTTP REQUEST PUT https://storage.googleapis.com/gcf-upload-us-central1-1d779fad-c201-483a-b228-0a8ffede1c18/5aec6d43-f22c-484f-9168-c0913a82bb15.zip?GoogleAccessId=service-637204849653@gcf-admin-robot.iam.gserviceaccount.com&Expires=1640825420&Signature=JYB09GqV%2F7liXbPyxMccHtUGcDFXEXBmzQJXpl3CRNH3V%2FoQX3r8GwwG7cZR8OS4oAKWlBx6aTpBMP7JQKQGW3TqovNeVqrfJpSeuFZRNYNjb3JzNBT4Jin3xQHs6Wgs2d982MNdyIeo%2FKEMhP1sKqC8kP22wE1pLZt3SOZFCxzHAB%2F4esSo3%2BaMsNBw8whIPWk9bMuL0tEaXQdkhnS2IOYdeIYuHfjCwU%2BUv1XDy2gYEDfWn4n2si7i2ne9D5tE7v%2F8GHEn%2Fy8dZFrtsw4mm1u%2BmGxmF%2BUQGlh6NewH9ajlVqR0vbsDMtaTfbrerXRZb8gS48qsbh5rcbxyPSOuzw%3D%3D  
 <request body omitted>
[debug] [2021-12-30T00:20:21.014Z] <<< HTTP RESPONSE 200 {"x-guploader-uploadid":"ADPycdtP9gOE6wrWfVy_m9V12gaSHYhMFE3zMOu00L2r7yAAwM_hCM5uyOwcdK9-CsDHmKBLYVAbIjU_8V2UaZ9QdX4Mxrk6gw","etag":"\"aac0624ffb4b7d82584efa2ade99c072\"","x-goog-generation":"1640823621025713","x-goog-metageneration":"1","x-goog-hash":"crc32c=P+M74A==, md5=qsBiT/tLfYJYTvoq3pnAcg==","x-goog-stored-content-length":"46908","x-goog-stored-content-encoding":"identity","vary":"Origin","content-length":"0","date":"Thu, 30 Dec 2021 00:20:21 GMT","server":"UploadServer","content-type":"text/html; charset=UTF-8","alt-svc":"h3=\":443\"; ma=2592000,h3-29=\":443\"; ma=2592000,h3-Q050=\":443\"; ma=2592000,h3-Q046=\":443\"; ma=2592000,h3-Q043=\":443\"; ma=2592000,quic=\":443\"; ma=2592000; v=\"46,43\""}
[info] +  functions: functions folder uploaded successfully 
[info] i  hosting[karmitp98]: beginning deploy... 
[info] i  hosting[karmitp98]: found 55 files in dist/Portfolio-Website-V1 
[debug] [2021-12-30T00:20:21.099Z] > refreshing access token with scopes: []
[debug] [2021-12-30T00:20:21.099Z] >>> HTTP REQUEST POST https://www.googleapis.com/oauth2/v3/token  
 <request body omitted>
[debug] [2021-12-30T00:20:21.101Z] [hosting] hash cache [ZGlzdFxQb3J0Zm9saW8tV2Vic2l0ZS1WMQ] stored for 55 files
[debug] [2021-12-30T00:20:21.101Z] [hosting][hash queue][FINAL] {"max":54,"min":0,"avg":2.29191196175294,"active":0,"complete":55,"success":55,"errored":0,"retried":0,"total":55,"elapsed":59}
[debug] [2021-12-30T00:20:21.235Z] <<< HTTP RESPONSE 200 {"cache-control":"no-cache, no-store, max-age=0, must-revalidate","date":"Thu, 30 Dec 2021 00:20:21 GMT","expires":"Mon, 01 Jan 1990 00:00:00 GMT","pragma":"no-cache","content-type":"application/json; charset=utf-8","vary":"X-Origin, Referer, Origin,Accept-Encoding","server":"scaffolding on HTTPServer2","x-xss-protection":"0","x-frame-options":"SAMEORIGIN","x-content-type-options":"nosniff","alt-svc":"h3=\":443\"; ma=2592000,h3-29=\":443\"; ma=2592000,h3-Q050=\":443\"; ma=2592000,h3-Q046=\":443\"; ma=2592000,h3-Q043=\":443\"; ma=2592000,quic=\":443\"; ma=2592000; v=\"46,43\"","accept-ranges":"none","transfer-encoding":"chunked"}
[debug] [2021-12-30T00:20:21.244Z] >>> [apiv2][query] POST https://firebasehosting.googleapis.com/v1beta1/sites/karmitp98/versions/d7c8322f9d3d8a7a:populateFiles [none]
[debug] [2021-12-30T00:20:21.245Z] >>> [apiv2][body] POST https://firebasehosting.googleapis.com/v1beta1/sites/karmitp98/versions/d7c8322f9d3d8a7a:populateFiles {"files":{"/favicon.ico":"2c19690e9587bae12f419b34d2edeecc76808099540a9c9f4ea6194116cfc8f7\r","/assets/Docs/Karmit Patel Resume.pdf":"920187279de57d726a5a47e51d41babb06ca73a251acb2225cfca6a8886198f3\r","/assets/Github/bot-clicker.jpg":"93b0b0dc7218388e60ca1e2017853e8e1e8eee92053ef59dda45873c50bf23e6\r","/assets/Github/long-talk.png":"527f58e137d7f035566dee70633f479a915cc4f82084e02fac27726a93e44670\r","/assets/Github/pms.png":"ee23aef4454d79e4f94338aa562f2d05bb4514567344d33b4a330ab4afeac6d3\r","/assets/Github/portfolio.png":"c337fc4f85456a3ff2068b39c524d1ecd3ad72cc33a1315dfc048a210a1760b5\r","/assets/Github/react-website.png":"d8578111e4184799046e60ab247c6645af50cad9dc698e58700b4505bfd8bf88\r","/assets/Github/rover-home.png":"ccb6a0eb1b9348d7bdf28724f2acbe2d96865e3d0ac70162d5f439432efb9d8f\r","/assets/Github/sems.png":"001b326742f598f132b629f5082c00f8ec2fed62c96b3a762546b5bab097d365\r","/assets/Github/store-login.png":"f86d74f169964401539983d263e055021ff9dd597cf5f069fc96b64f8f8b39be\r","/assets/Github/todo-app.png":"1986a9cbc91cb73ae4d960453910972ff46d513d3a690b4a8c5a2c122d9c1f3e\r","/assets/Github/youtube-mp3.png":"a45d6f2827e3847d3bbec9febb0620ef8ef73e232f2446a88ab46f9a895a7cb2\r","/assets/Images/akar-icons_facebook-fill.svg":"9f9c07e18a88ea7f86a077a673979db7cee28b3a9571ea310813afcf16f24455\r","/assets/Images/akar-icons_github-fill.png":"5517ffba07143d083175dc1cc033e36f733f4e76c2bd01b9b702cd390498d274\r","/assets/Images/akar-icons_github-fill.svg":"cac0a41e0e64d741b428750aaaf1264372c05f4ed71d241cffc0833c0bc5e707\r","/assets/Images/akar-icons_linkedin-fill.png":"e0e35473bcb1798000df9fbbc70e1c6fcd733a80c4eefb2fb06e09e291d11bad\r","/assets/Images/akar-icons_linkedin-fill.svg":"7e89545253d997e3c2478b0891dd40b122783a2de7e8d651630647d46d661f5e\r","/assets/Images/akar-icons_twitter-fill.svg":"eecaec70f27b00532b6dd4767fe10ec934f878af9ca6de9e78a7388a6c4c592e\r","/assets/Images/bee-logo.png":"1647196adff3b85155d72804c290cdd46ca4b24f5b2126e2750110556d496527\r","/assets/Images/bx_bxl-stack-overflow.svg":"da805cd5c29cb13a73029bd45e87150b3a98022e06423e221bf2d3ec76c78514\r","/assets/Images/chat-app.png":"4af10e018f1ffad1a9a13d1730b22e3ba42c98eca406fb649e46d41d35429597\r","/assets/Images/email_white_24dp.svg":"0286ffbec859bb568c0034412adaa8f2aa4f2b1d2ac71a8ceb4675d46b4488e7\r","/assets/Images/illustration.png":"265b90722dafe469360e993080c470cdff91ecb21158cfddc553b5913fbc5cc0\r","/assets/Images/illustration.svg":"e812eb02de09406b4fdd6bd14cdf123da83f21e7f69b75977af973559755dc88\r","/assets/Images/logos_udacity.png":"c3c3ad86bd7246dfa0df6a1b73ce3acf83424e3e5838d4f56772d85bcb16a907\r","/assets/Images/logos_udacity.svg":"182a16b393ffb9cbe638c1f4ce558f832b746ccb3e94b6146d8fa3b796061d33\r","/assets/Images/logos_udemy-icon.png":"c7114f83ef81bf05c03064877e05630e37d0ba1ebc413b6ea349fde6bd40a07e\r","/assets/Images/logos_udemy-icon.svg":"fc26616893a2ff1f413ca225eb1f7feec57f68c8f7336e22faf4a43de7c42c2c\r","/assets/Images/Profile-Picture.jpeg":"f6ab15211b1e8e2c0e6af5d6abb3b671fbea7f54c4b92ce5bf01738960c23089\r","/assets/Images/send_black_24dp.svg":"ddb978d87faf37af512b6ee764aea830d099769a5dbd6f2e30d5d65b72051432\r","/assets/Images/sololearn-logo.png":"954713daa66f75ee622d4d46a283b463caa39a46e5e1fd86b17e5dda14460171\r","/assets/Images/sololearn-logo.svg":"5de6a15b9dd0f8e094b4f8681c00fc35c3d45fc8705f103dda5289a6d02afbdf\r","/assets/Images/store_login_cut.png":"b1cc1bbdb1e237d074461553c85b8b5bc7ef22a21f48d2e07bcacd0f31cc1093\r","/assets/Images/timeline-segment.svg":"daf91a42707affea487b6a07ec192b749cf910069b28742fcd0bd51108392387\r","/assets/Images/topcoat_dribble.png":"fb6d802f07d85af5cf83243084ed03c38fd991944d9e5335807fa013c270e324\r","/assets/Images/topcoat_dribble.svg":"5df1f4e4f692c0e767158005636151162bbd4b268609b5b71fa8b0e75903457e\r","/assets/mockups/Chat.png":"91dd3f5f6e4f11ede3434cff06629b0153473bd778875381f845a926ef08d5d3","/assets/mockups/Contacts.png":"e0d982276ea138cd7f5bbc269f62b48a42d6294b990a9dc450d42e053b16ae96","/assets/mockups/Home.png":"9d480c923371ff3d2bda35026fc4da8bccdebdb3dd6c9ff8fe15abd440726039","/assets/mockups/Login.png":"d31f920c7cd07c44fb916013d387f457decb193125b2486b2d2db1ac036ab8a5","/assets/mockups/Mask Group-transparent.png":"2897fe0c942b6d73fa28f0cc285ed658b893386f2fec5f2286cbfe02032d440a","/assets/mockups/Mask Group.png":"31e38ec0ede472dfc4f1794b63ac1e830a116593091b2dd6eca38caeee6e02dc","/assets/mockups/Mask Group.svg":"7bd223a2e69257d503f58b3606c5fbac37508e84656b9599905bfd97313a8b4f","/assets/mockups/Settings.png":"83380cd1497d6d9b37336acd6063e9da147ba00f7dcc49c6ea6aed5047eff498","/assets/mockups/Signup01.png":"a952e35e72f7d9b266820484bb1dd2d74fc63c3c67658c579d50b2a98b23fd8a","/assets/mockups/Signup02.png":"7185121f67e55e4f1b3a494bc8de2eccda489e1f27121eec08150a438ccca555","/assets/mockups/User-Profile.png":"46c2260b6409e55fe2dfd46b2282bc1fc6af17cdc65048e0d3507398d1ad286e","/assets/svg/github.svg":"1da42e61c6cc72ce992da23a0b1f15e8305d4b8d365737569ea7c9740af98f1b","/294.d2a5b5b75456afdd15d0.js":"8ca19cecca785023b9761d0981d0d1bda71e82af0551cf423f93e6260d416d45","/index.html":"529e909885c579887deb2122b286ffff20e98efeed5392cb835c36a51c377896","/runtime.a5469699fb5cc6a04b55.js":"4130a1add2a369f056168968586c2f2eae06cbf9c219548281b97095fd86d7fb","/3rdpartylicenses.txt":"5b4a23a4eee18880af1105fab1c60d9b8b7514765a6493d3a799ab60c5242914","/polyfills.aeaa17e645eff5f747b6.js":"2838337f846ee507ff6c315f0305aeec774fa3340c210ee5baf6ddc8c1e3369b","/styles.367d1397711826baa6a7.css":"3d2126294e5436c55d0f0b0e453f29329e6ce4d05a21571fc0c663f990c9356b","/main.f78472057d94423eee78.js":"72d403a1f70e0110048a98bdce61f87b773240cfd2bfaa8195288b29234d1ea6"}}
[debug] [2021-12-30T00:20:21.638Z] <<< [apiv2][status] POST https://firebasehosting.googleapis.com/v1beta1/sites/karmitp98/versions/d7c8322f9d3d8a7a:populateFiles 200
[debug] [2021-12-30T00:20:21.639Z] <<< [apiv2][body] POST https://firebasehosting.googleapis.com/v1beta1/sites/karmitp98/versions/d7c8322f9d3d8a7a:populateFiles {"uploadRequiredHashes":["4130a1add2a369f056168968586c2f2eae06cbf9c219548281b97095fd86d7fb","72d403a1f70e0110048a98bdce61f87b773240cfd2bfaa8195288b29234d1ea6","3d2126294e5436c55d0f0b0e453f29329e6ce4d05a21571fc0c663f990c9356b","529e909885c579887deb2122b286ffff20e98efeed5392cb835c36a51c377896"],"uploadUrl":"https://upload-firebasehosting.googleapis.com/upload/sites/karmitp98/versions/d7c8322f9d3d8a7a/files"}
[debug] [2021-12-30T00:20:21.641Z] >>> [apiv2][query] POST https://upload-firebasehosting.googleapis.com/upload/sites/karmitp98/versions/d7c8322f9d3d8a7a/files/4130a1add2a369f056168968586c2f2eae06cbf9c219548281b97095fd86d7fb [none]
[debug] [2021-12-30T00:20:21.641Z] >>> [apiv2][body] POST https://upload-firebasehosting.googleapis.com/upload/sites/karmitp98/versions/d7c8322f9d3d8a7a/files/4130a1add2a369f056168968586c2f2eae06cbf9c219548281b97095fd86d7fb [stream]
[debug] [2021-12-30T00:20:21.643Z] >>> [apiv2][query] POST https://upload-firebasehosting.googleapis.com/upload/sites/karmitp98/versions/d7c8322f9d3d8a7a/files/72d403a1f70e0110048a98bdce61f87b773240cfd2bfaa8195288b29234d1ea6 [none]
[debug] [2021-12-30T00:20:21.643Z] >>> [apiv2][body] POST https://upload-firebasehosting.googleapis.com/upload/sites/karmitp98/versions/d7c8322f9d3d8a7a/files/72d403a1f70e0110048a98bdce61f87b773240cfd2bfaa8195288b29234d1ea6 [stream]
[debug] [2021-12-30T00:20:21.645Z] >>> [apiv2][query] POST https://upload-firebasehosting.googleapis.com/upload/sites/karmitp98/versions/d7c8322f9d3d8a7a/files/3d2126294e5436c55d0f0b0e453f29329e6ce4d05a21571fc0c663f990c9356b [none]
[debug] [2021-12-30T00:20:21.645Z] >>> [apiv2][body] POST https://upload-firebasehosting.googleapis.com/upload/sites/karmitp98/versions/d7c8322f9d3d8a7a/files/3d2126294e5436c55d0f0b0e453f29329e6ce4d05a21571fc0c663f990c9356b [stream]
[debug] [2021-12-30T00:20:21.646Z] >>> [apiv2][query] POST https://upload-firebasehosting.googleapis.com/upload/sites/karmitp98/versions/d7c8322f9d3d8a7a/files/529e909885c579887deb2122b286ffff20e98efeed5392cb835c36a51c377896 [none]
[debug] [2021-12-30T00:20:21.646Z] >>> [apiv2][body] POST https://upload-firebasehosting.googleapis.com/upload/sites/karmitp98/versions/d7c8322f9d3d8a7a/files/529e909885c579887deb2122b286ffff20e98efeed5392cb835c36a51c377896 [stream]
[debug] [2021-12-30T00:20:21.649Z] [hosting][populate queue][FINAL] {"max":542,"min":542,"avg":542,"active":0,"complete":1,"success":1,"errored":0,"retried":0,"total":1,"elapsed":550}
[debug] [2021-12-30T00:20:21.649Z] [hosting] uploads queued: 4
[debug] [2021-12-30T00:20:22.254Z] <<< [apiv2][status] POST https://upload-firebasehosting.googleapis.com/upload/sites/karmitp98/versions/d7c8322f9d3d8a7a/files/529e909885c579887deb2122b286ffff20e98efeed5392cb835c36a51c377896 200
[debug] [2021-12-30T00:20:22.254Z] <<< [apiv2][body] POST https://upload-firebasehosting.googleapis.com/upload/sites/karmitp98/versions/d7c8322f9d3d8a7a/files/529e909885c579887deb2122b286ffff20e98efeed5392cb835c36a51c377896 [stream]
[debug] [2021-12-30T00:20:22.270Z] <<< [apiv2][status] POST https://upload-firebasehosting.googleapis.com/upload/sites/karmitp98/versions/d7c8322f9d3d8a7a/files/3d2126294e5436c55d0f0b0e453f29329e6ce4d05a21571fc0c663f990c9356b 200
[debug] [2021-12-30T00:20:22.270Z] <<< [apiv2][body] POST https://upload-firebasehosting.googleapis.com/upload/sites/karmitp98/versions/d7c8322f9d3d8a7a/files/3d2126294e5436c55d0f0b0e453f29329e6ce4d05a21571fc0c663f990c9356b [stream]
[debug] [2021-12-30T00:20:22.317Z] <<< [apiv2][status] POST https://upload-firebasehosting.googleapis.com/upload/sites/karmitp98/versions/d7c8322f9d3d8a7a/files/72d403a1f70e0110048a98bdce61f87b773240cfd2bfaa8195288b29234d1ea6 200
[debug] [2021-12-30T00:20:22.317Z] <<< [apiv2][body] POST https://upload-firebasehosting.googleapis.com/upload/sites/karmitp98/versions/d7c8322f9d3d8a7a/files/72d403a1f70e0110048a98bdce61f87b773240cfd2bfaa8195288b29234d1ea6 [stream]
[debug] [2021-12-30T00:20:22.353Z] <<< [apiv2][status] POST https://upload-firebasehosting.googleapis.com/upload/sites/karmitp98/versions/d7c8322f9d3d8a7a/files/4130a1add2a369f056168968586c2f2eae06cbf9c219548281b97095fd86d7fb 200
[debug] [2021-12-30T00:20:22.353Z] <<< [apiv2][body] POST https://upload-firebasehosting.googleapis.com/upload/sites/karmitp98/versions/d7c8322f9d3d8a7a/files/4130a1add2a369f056168968586c2f2eae06cbf9c219548281b97095fd86d7fb [stream]
[debug] [2021-12-30T00:20:22.353Z] [hosting][upload queue][FINAL] {"max":714,"min":613,"avg":658.25,"active":0,"complete":4,"success":4,"errored":0,"retried":0,"total":4,"elapsed":714}
[info] +  hosting[karmitp98]: file upload complete 
[debug] [2021-12-30T00:20:22.354Z] [hosting] deploy completed after 1339ms
[info] i  functions: updating Node.js 14 function sendEmail(us-central1)... 
[debug] [2021-12-30T00:20:22.357Z] > refreshing access token with scopes: ["email","https://www.googleapis.com/auth/cloud-platform","https://www.googleapis.com/auth/cloudplatformprojects.readonly","https://www.googleapis.com/auth/firebase","openid"]
[debug] [2021-12-30T00:20:22.357Z] >>> HTTP REQUEST POST https://www.googleapis.com/oauth2/v3/token  
 <request body omitted>
[debug] [2021-12-30T00:20:22.492Z] <<< HTTP RESPONSE 200 {"date":"Thu, 30 Dec 2021 00:20:22 GMT","cache-control":"no-cache, no-store, max-age=0, must-revalidate","expires":"Mon, 01 Jan 1990 00:00:00 GMT","pragma":"no-cache","content-type":"application/json; charset=utf-8","vary":"X-Origin, Referer, Origin,Accept-Encoding","server":"scaffolding on HTTPServer2","x-xss-protection":"0","x-frame-options":"SAMEORIGIN","x-content-type-options":"nosniff","alt-svc":"h3=\":443\"; ma=2592000,h3-29=\":443\"; ma=2592000,h3-Q050=\":443\"; ma=2592000,h3-Q046=\":443\"; ma=2592000,h3-Q043=\":443\"; ma=2592000,quic=\":443\"; ma=2592000; v=\"46,43\"","accept-ranges":"none","transfer-encoding":"chunked"}
[debug] [2021-12-30T00:20:22.500Z] >>> HTTP REQUEST PATCH https://cloudfunctions.googleapis.com/v1/projects/karmitp98/locations/us-central1/functions/sendEmail {"updateMask":"name,sourceUploadUrl,entryPoint,runtime,eventTrigger.eventType,eventTrigger.resource,eventTrigger.failurePolicy,labels,environmentVariables"} 
 {"name":"projects/karmitp98/locations/us-central1/functions/sendEmail","sourceUploadUrl":"https://storage.googleapis.com/gcf-upload-us-central1-1d779fad-c201-483a-b228-0a8ffede1c18/5aec6d43-f22c-484f-9168-c0913a82bb15.zip?GoogleAccessId=service-637204849653@gcf-admin-robot.iam.gserviceaccount.com&Expires=1640825420&Signature=JYB09GqV%2F7liXbPyxMccHtUGcDFXEXBmzQJXpl3CRNH3V%2FoQX3r8GwwG7cZR8OS4oAKWlBx6aTpBMP7JQKQGW3TqovNeVqrfJpSeuFZRNYNjb3JzNBT4Jin3xQHs6Wgs2d982MNdyIeo%2FKEMhP1sKqC8kP22wE1pLZt3SOZFCxzHAB%2F4esSo3%2BaMsNBw8whIPWk9bMuL0tEaXQdkhnS2IOYdeIYuHfjCwU%2BUv1XDy2gYEDfWn4n2si7i2ne9D5tE7v%2F8GHEn%2Fy8dZFrtsw4mm1u%2BmGxmF%2BUQGlh6NewH9ajlVqR0vbsDMtaTfbrerXRZb8gS48qsbh5rcbxyPSOuzw%3D%3D","entryPoint":"sendEmail","runtime":"nodejs14","eventTrigger":{"eventType":"providers/cloud.firestore/eventTypes/document.write","resource":"projects/karmitp98/databases/(default)/documents/messages/{messageId}"},"labels":{"deployment-tool":"cli-firebase"},"environmentVariables":{"FIREBASE_CONFIG":"{\"projectId\":\"karmitp98\",\"storageBucket\":\"karmitp98.appspot.com\",\"locationId\":\"us-central\"}","GCLOUD_PROJECT":"karmitp98"}}
[debug] [2021-12-30T00:20:22.865Z] <<< HTTP RESPONSE 200 {"content-type":"application/json; charset=UTF-8","vary":"X-Origin, Referer, Origin,Accept-Encoding","date":"Thu, 30 Dec 2021 00:20:22 GMT","server":"ESF","cache-control":"private","x-xss-protection":"0","x-frame-options":"SAMEORIGIN","x-content-type-options":"nosniff","alt-svc":"h3=\":443\"; ma=2592000,h3-29=\":443\"; ma=2592000,h3-Q050=\":443\"; ma=2592000,h3-Q046=\":443\"; ma=2592000,h3-Q043=\":443\"; ma=2592000,quic=\":443\"; ma=2592000; v=\"46,43\"","accept-ranges":"none","transfer-encoding":"chunked"}
[debug] [2021-12-30T00:20:22.866Z] > refreshing access token with scopes: []
[debug] [2021-12-30T00:20:22.866Z] >>> HTTP REQUEST POST https://www.googleapis.com/oauth2/v3/token  
 <request body omitted>
[debug] [2021-12-30T00:20:23.017Z] <<< HTTP RESPONSE 200 {"pragma":"no-cache","date":"Thu, 30 Dec 2021 00:20:23 GMT","cache-control":"no-cache, no-store, max-age=0, must-revalidate","expires":"Mon, 01 Jan 1990 00:00:00 GMT","content-type":"application/json; charset=utf-8","vary":"X-Origin, Referer, Origin,Accept-Encoding","server":"scaffolding on HTTPServer2","x-xss-protection":"0","x-frame-options":"SAMEORIGIN","x-content-type-options":"nosniff","alt-svc":"h3=\":443\"; ma=2592000,h3-29=\":443\"; ma=2592000,h3-Q050=\":443\"; ma=2592000,h3-Q046=\":443\"; ma=2592000,h3-Q043=\":443\"; ma=2592000,quic=\":443\"; ma=2592000; v=\"46,43\"","accept-ranges":"none","transfer-encoding":"chunked"}
[debug] [2021-12-30T00:20:23.026Z] >>> [apiv2][query] GET https://cloudfunctions.googleapis.com/v1/operations/a2FybWl0cDk4L3VzLWNlbnRyYWwxL3NlbmRFbWFpbC9aZG5CdXpkZ3RGdw [none]
[debug] [2021-12-30T00:20:23.260Z] <<< [apiv2][status] GET https://cloudfunctions.googleapis.com/v1/operations/a2FybWl0cDk4L3VzLWNlbnRyYWwxL3NlbmRFbWFpbC9aZG5CdXpkZ3RGdw 200
[debug] [2021-12-30T00:20:23.260Z] <<< [apiv2][body] GET https://cloudfunctions.googleapis.com/v1/operations/a2FybWl0cDk4L3VzLWNlbnRyYWwxL3NlbmRFbWFpbC9aZG5CdXpkZ3RGdw {"name":"operations/a2FybWl0cDk4L3VzLWNlbnRyYWwxL3NlbmRFbWFpbC9aZG5CdXpkZ3RGdw","metadata":{"@type":"type.googleapis.com/google.cloud.functions.v1.OperationMetadataV1","target":"projects/karmitp98/locations/us-central1/functions/sendEmail","type":"UPDATE_FUNCTION","request":{"@type":"type.googleapis.com/google.cloud.functions.v1.CloudFunction","name":"projects/karmitp98/locations/us-central1/functions/sendEmail","eventTrigger":{"eventType":"providers/cloud.firestore/eventTypes/document.write","resource":"projects/karmitp98/databases/(default)/documents/messages/{messageId}","service":"firestore.googleapis.com"},"status":"ACTIVE","entryPoint":"sendEmail","timeout":"60s","availableMemoryMb":256,"serviceAccountEmail":"karmitp98@appspot.gserviceaccount.com","updateTime":"2021-12-30T00:11:18.761Z","versionId":"5","labels":{"deployment-tool":"cli-firebase"},"sourceUploadUrl":"https://storage.googleapis.com/gcf-upload-us-central1-1d779fad-c201-483a-b228-0a8ffede1c18/5aec6d43-f22c-484f-9168-c0913a82bb15.zip?GoogleAccessId=service-637204849653@gcf-admin-robot.iam.gserviceaccount.com&Expires=1640825420&Signature=JYB09GqV%2F7liXbPyxMccHtUGcDFXEXBmzQJXpl3CRNH3V%2FoQX3r8GwwG7cZR8OS4oAKWlBx6aTpBMP7JQKQGW3TqovNeVqrfJpSeuFZRNYNjb3JzNBT4Jin3xQHs6Wgs2d982MNdyIeo%2FKEMhP1sKqC8kP22wE1pLZt3SOZFCxzHAB%2F4esSo3%2BaMsNBw8whIPWk9bMuL0tEaXQdkhnS2IOYdeIYuHfjCwU%2BUv1XDy2gYEDfWn4n2si7i2ne9D5tE7v%2F8GHEn%2Fy8dZFrtsw4mm1u%2BmGxmF%2BUQGlh6NewH9ajlVqR0vbsDMtaTfbrerXRZb8gS48qsbh5rcbxyPSOuzw%3D%3D","environmentVariables":{"FIREBASE_CONFIG":"{\"projectId\":\"karmitp98\",\"storageBucket\":\"karmitp98.appspot.com\",\"locationId\":\"us-central\"}","GCLOUD_PROJECT":"karmitp98"},"runtime":"nodejs14","ingressSettings":"ALLOW_ALL","buildId":"b7475188-cbb8-4b7e-bb8b-b0a7f21982b0","buildName":"projects/637204849653/locations/us-central1/builds/b7475188-cbb8-4b7e-bb8b-b0a7f21982b0"},"versionId":"6","updateTime":"2021-12-30T00:20:23Z","buildName":"projects/637204849653/locations/us-central1/builds/b7475188-cbb8-4b7e-bb8b-b0a7f21982b0"}}
[debug] [2021-12-30T00:20:23.760Z] [update-projects/karmitp98/locations/us-central1/functions/sendEmail] Retrying task index 0
[debug] [2021-12-30T00:20:23.761Z] >>> [apiv2][query] GET https://cloudfunctions.googleapis.com/v1/operations/a2FybWl0cDk4L3VzLWNlbnRyYWwxL3NlbmRFbWFpbC9aZG5CdXpkZ3RGdw [none]
[debug] [2021-12-30T00:20:23.965Z] <<< [apiv2][status] GET https://cloudfunctions.googleapis.com/v1/operations/a2FybWl0cDk4L3VzLWNlbnRyYWwxL3NlbmRFbWFpbC9aZG5CdXpkZ3RGdw 200
[debug] [2021-12-30T00:20:23.965Z] <<< [apiv2][body] GET https://cloudfunctions.googleapis.com/v1/operations/a2FybWl0cDk4L3VzLWNlbnRyYWwxL3NlbmRFbWFpbC9aZG5CdXpkZ3RGdw {"name":"operations/a2FybWl0cDk4L3VzLWNlbnRyYWwxL3NlbmRFbWFpbC9aZG5CdXpkZ3RGdw","metadata":{"@type":"type.googleapis.com/google.cloud.functions.v1.OperationMetadataV1","target":"projects/karmitp98/locations/us-central1/functions/sendEmail","type":"UPDATE_FUNCTION","request":{"@type":"type.googleapis.com/google.cloud.functions.v1.CloudFunction","name":"projects/karmitp98/locations/us-central1/functions/sendEmail","eventTrigger":{"eventType":"providers/cloud.firestore/eventTypes/document.write","resource":"projects/karmitp98/databases/(default)/documents/messages/{messageId}","service":"firestore.googleapis.com"},"status":"ACTIVE","entryPoint":"sendEmail","timeout":"60s","availableMemoryMb":256,"serviceAccountEmail":"karmitp98@appspot.gserviceaccount.com","updateTime":"2021-12-30T00:11:18.761Z","versionId":"5","labels":{"deployment-tool":"cli-firebase"},"sourceUploadUrl":"https://storage.googleapis.com/gcf-upload-us-central1-1d779fad-c201-483a-b228-0a8ffede1c18/5aec6d43-f22c-484f-9168-c0913a82bb15.zip?GoogleAccessId=service-637204849653@gcf-admin-robot.iam.gserviceaccount.com&Expires=1640825420&Signature=JYB09GqV%2F7liXbPyxMccHtUGcDFXEXBmzQJXpl3CRNH3V%2FoQX3r8GwwG7cZR8OS4oAKWlBx6aTpBMP7JQKQGW3TqovNeVqrfJpSeuFZRNYNjb3JzNBT4Jin3xQHs6Wgs2d982MNdyIeo%2FKEMhP1sKqC8kP22wE1pLZt3SOZFCxzHAB%2F4esSo3%2BaMsNBw8whIPWk9bMuL0tEaXQdkhnS2IOYdeIYuHfjCwU%2BUv1XDy2gYEDfWn4n2si7i2ne9D5tE7v%2F8GHEn%2Fy8dZFrtsw4mm1u%2BmGxmF%2BUQGlh6NewH9ajlVqR0vbsDMtaTfbrerXRZb8gS48qsbh5rcbxyPSOuzw%3D%3D","environmentVariables":{"FIREBASE_CONFIG":"{\"projectId\":\"karmitp98\",\"storageBucket\":\"karmitp98.appspot.com\",\"locationId\":\"us-central\"}","GCLOUD_PROJECT":"karmitp98"},"runtime":"nodejs14","ingressSettings":"ALLOW_ALL","buildId":"b7475188-cbb8-4b7e-bb8b-b0a7f21982b0","buildName":"projects/637204849653/locations/us-central1/builds/b7475188-cbb8-4b7e-bb8b-b0a7f21982b0"},"versionId":"6","updateTime":"2021-12-30T00:20:23Z","buildId":"d9281c33-f9b8-41b7-988e-bbec3be4247f","buildName":"projects/637204849653/locations/us-central1/builds/d9281c33-f9b8-41b7-988e-bbec3be4247f"}}
[debug] [2021-12-30T00:20:24.974Z] [update-projects/karmitp98/locations/us-central1/functions/sendEmail] Retrying task index 0
[debug] [2021-12-30T00:20:24.975Z] >>> [apiv2][query] GET https://cloudfunctions.googleapis.com/v1/operations/a2FybWl0cDk4L3VzLWNlbnRyYWwxL3NlbmRFbWFpbC9aZG5CdXpkZ3RGdw [none]
[debug] [2021-12-30T00:20:25.186Z] <<< [apiv2][status] GET https://cloudfunctions.googleapis.com/v1/operations/a2FybWl0cDk4L3VzLWNlbnRyYWwxL3NlbmRFbWFpbC9aZG5CdXpkZ3RGdw 200
[debug] [2021-12-30T00:20:25.186Z] <<< [apiv2][body] GET https://cloudfunctions.googleapis.com/v1/operations/a2FybWl0cDk4L3VzLWNlbnRyYWwxL3NlbmRFbWFpbC9aZG5CdXpkZ3RGdw {"name":"operations/a2FybWl0cDk4L3VzLWNlbnRyYWwxL3NlbmRFbWFpbC9aZG5CdXpkZ3RGdw","metadata":{"@type":"type.googleapis.com/google.cloud.functions.v1.OperationMetadataV1","target":"projects/karmitp98/locations/us-central1/functions/sendEmail","type":"UPDATE_FUNCTION","request":{"@type":"type.googleapis.com/google.cloud.functions.v1.CloudFunction","name":"projects/karmitp98/locations/us-central1/functions/sendEmail","eventTrigger":{"eventType":"providers/cloud.firestore/eventTypes/document.write","resource":"projects/karmitp98/databases/(default)/documents/messages/{messageId}","service":"firestore.googleapis.com"},"status":"ACTIVE","entryPoint":"sendEmail","timeout":"60s","availableMemoryMb":256,"serviceAccountEmail":"karmitp98@appspot.gserviceaccount.com","updateTime":"2021-12-30T00:11:18.761Z","versionId":"5","labels":{"deployment-tool":"cli-firebase"},"sourceUploadUrl":"https://storage.googleapis.com/gcf-upload-us-central1-1d779fad-c201-483a-b228-0a8ffede1c18/5aec6d43-f22c-484f-9168-c0913a82bb15.zip?GoogleAccessId=service-637204849653@gcf-admin-robot.iam.gserviceaccount.com&Expires=1640825420&Signature=JYB09GqV%2F7liXbPyxMccHtUGcDFXEXBmzQJXpl3CRNH3V%2FoQX3r8GwwG7cZR8OS4oAKWlBx6aTpBMP7JQKQGW3TqovNeVqrfJpSeuFZRNYNjb3JzNBT4Jin3xQHs6Wgs2d982MNdyIeo%2FKEMhP1sKqC8kP22wE1pLZt3SOZFCxzHAB%2F4esSo3%2BaMsNBw8whIPWk9bMuL0tEaXQdkhnS2IOYdeIYuHfjCwU%2BUv1XDy2gYEDfWn4n2si7i2ne9D5tE7v%2F8GHEn%2Fy8dZFrtsw4mm1u%2BmGxmF%2BUQGlh6NewH9ajlVqR0vbsDMtaTfbrerXRZb8gS48qsbh5rcbxyPSOuzw%3D%3D","environmentVariables":{"FIREBASE_CONFIG":"{\"projectId\":\"karmitp98\",\"storageBucket\":\"karmitp98.appspot.com\",\"locationId\":\"us-central\"}","GCLOUD_PROJECT":"karmitp98"},"runtime":"nodejs14","ingressSettings":"ALLOW_ALL","buildId":"b7475188-cbb8-4b7e-bb8b-b0a7f21982b0","buildName":"projects/637204849653/locations/us-central1/builds/b7475188-cbb8-4b7e-bb8b-b0a7f21982b0"},"versionId":"6","updateTime":"2021-12-30T00:20:23Z","buildId":"d9281c33-f9b8-41b7-988e-bbec3be4247f","buildName":"projects/637204849653/locations/us-central1/builds/d9281c33-f9b8-41b7-988e-bbec3be4247f"}}
[debug] [2021-12-30T00:20:27.201Z] [update-projects/karmitp98/locations/us-central1/functions/sendEmail] Retrying task index 0
[debug] [2021-12-30T00:20:27.201Z] >>> [apiv2][query] GET https://cloudfunctions.googleapis.com/v1/operations/a2FybWl0cDk4L3VzLWNlbnRyYWwxL3NlbmRFbWFpbC9aZG5CdXpkZ3RGdw [none]
[debug] [2021-12-30T00:20:27.506Z] <<< [apiv2][status] GET https://cloudfunctions.googleapis.com/v1/operations/a2FybWl0cDk4L3VzLWNlbnRyYWwxL3NlbmRFbWFpbC9aZG5CdXpkZ3RGdw 200
[debug] [2021-12-30T00:20:27.506Z] <<< [apiv2][body] GET https://cloudfunctions.googleapis.com/v1/operations/a2FybWl0cDk4L3VzLWNlbnRyYWwxL3NlbmRFbWFpbC9aZG5CdXpkZ3RGdw {"name":"operations/a2FybWl0cDk4L3VzLWNlbnRyYWwxL3NlbmRFbWFpbC9aZG5CdXpkZ3RGdw","metadata":{"@type":"type.googleapis.com/google.cloud.functions.v1.OperationMetadataV1","target":"projects/karmitp98/locations/us-central1/functions/sendEmail","type":"UPDATE_FUNCTION","request":{"@type":"type.googleapis.com/google.cloud.functions.v1.CloudFunction","name":"projects/karmitp98/locations/us-central1/functions/sendEmail","eventTrigger":{"eventType":"providers/cloud.firestore/eventTypes/document.write","resource":"projects/karmitp98/databases/(default)/documents/messages/{messageId}","service":"firestore.googleapis.com"},"status":"ACTIVE","entryPoint":"sendEmail","timeout":"60s","availableMemoryMb":256,"serviceAccountEmail":"karmitp98@appspot.gserviceaccount.com","updateTime":"2021-12-30T00:11:18.761Z","versionId":"5","labels":{"deployment-tool":"cli-firebase"},"sourceUploadUrl":"https://storage.googleapis.com/gcf-upload-us-central1-1d779fad-c201-483a-b228-0a8ffede1c18/5aec6d43-f22c-484f-9168-c0913a82bb15.zip?GoogleAccessId=service-637204849653@gcf-admin-robot.iam.gserviceaccount.com&Expires=1640825420&Signature=JYB09GqV%2F7liXbPyxMccHtUGcDFXEXBmzQJXpl3CRNH3V%2FoQX3r8GwwG7cZR8OS4oAKWlBx6aTpBMP7JQKQGW3TqovNeVqrfJpSeuFZRNYNjb3JzNBT4Jin3xQHs6Wgs2d982MNdyIeo%2FKEMhP1sKqC8kP22wE1pLZt3SOZFCxzHAB%2F4esSo3%2BaMsNBw8whIPWk9bMuL0tEaXQdkhnS2IOYdeIYuHfjCwU%2BUv1XDy2gYEDfWn4n2si7i2ne9D5tE7v%2F8GHEn%2Fy8dZFrtsw4mm1u%2BmGxmF%2BUQGlh6NewH9ajlVqR0vbsDMtaTfbrerXRZb8gS48qsbh5rcbxyPSOuzw%3D%3D","environmentVariables":{"FIREBASE_CONFIG":"{\"projectId\":\"karmitp98\",\"storageBucket\":\"karmitp98.appspot.com\",\"locationId\":\"us-central\"}","GCLOUD_PROJECT":"karmitp98"},"runtime":"nodejs14","ingressSettings":"ALLOW_ALL","buildId":"b7475188-cbb8-4b7e-bb8b-b0a7f21982b0","buildName":"projects/637204849653/locations/us-central1/builds/b7475188-cbb8-4b7e-bb8b-b0a7f21982b0"},"versionId":"6","updateTime":"2021-12-30T00:20:23Z","buildId":"d9281c33-f9b8-41b7-988e-bbec3be4247f","buildName":"projects/637204849653/locations/us-central1/builds/d9281c33-f9b8-41b7-988e-bbec3be4247f"}}
[debug] [2021-12-30T00:20:31.509Z] [update-projects/karmitp98/locations/us-central1/functions/sendEmail] Retrying task index 0
[debug] [2021-12-30T00:20:31.510Z] >>> [apiv2][query] GET https://cloudfunctions.googleapis.com/v1/operations/a2FybWl0cDk4L3VzLWNlbnRyYWwxL3NlbmRFbWFpbC9aZG5CdXpkZ3RGdw [none]
[debug] [2021-12-30T00:20:31.764Z] <<< [apiv2][status] GET https://cloudfunctions.googleapis.com/v1/operations/a2FybWl0cDk4L3VzLWNlbnRyYWwxL3NlbmRFbWFpbC9aZG5CdXpkZ3RGdw 200
[debug] [2021-12-30T00:20:31.764Z] <<< [apiv2][body] GET https://cloudfunctions.googleapis.com/v1/operations/a2FybWl0cDk4L3VzLWNlbnRyYWwxL3NlbmRFbWFpbC9aZG5CdXpkZ3RGdw {"name":"operations/a2FybWl0cDk4L3VzLWNlbnRyYWwxL3NlbmRFbWFpbC9aZG5CdXpkZ3RGdw","metadata":{"@type":"type.googleapis.com/google.cloud.functions.v1.OperationMetadataV1","target":"projects/karmitp98/locations/us-central1/functions/sendEmail","type":"UPDATE_FUNCTION","request":{"@type":"type.googleapis.com/google.cloud.functions.v1.CloudFunction","name":"projects/karmitp98/locations/us-central1/functions/sendEmail","eventTrigger":{"eventType":"providers/cloud.firestore/eventTypes/document.write","resource":"projects/karmitp98/databases/(default)/documents/messages/{messageId}","service":"firestore.googleapis.com"},"status":"ACTIVE","entryPoint":"sendEmail","timeout":"60s","availableMemoryMb":256,"serviceAccountEmail":"karmitp98@appspot.gserviceaccount.com","updateTime":"2021-12-30T00:11:18.761Z","versionId":"5","labels":{"deployment-tool":"cli-firebase"},"sourceUploadUrl":"https://storage.googleapis.com/gcf-upload-us-central1-1d779fad-c201-483a-b228-0a8ffede1c18/5aec6d43-f22c-484f-9168-c0913a82bb15.zip?GoogleAccessId=service-637204849653@gcf-admin-robot.iam.gserviceaccount.com&Expires=1640825420&Signature=JYB09GqV%2F7liXbPyxMccHtUGcDFXEXBmzQJXpl3CRNH3V%2FoQX3r8GwwG7cZR8OS4oAKWlBx6aTpBMP7JQKQGW3TqovNeVqrfJpSeuFZRNYNjb3JzNBT4Jin3xQHs6Wgs2d982MNdyIeo%2FKEMhP1sKqC8kP22wE1pLZt3SOZFCxzHAB%2F4esSo3%2BaMsNBw8whIPWk9bMuL0tEaXQdkhnS2IOYdeIYuHfjCwU%2BUv1XDy2gYEDfWn4n2si7i2ne9D5tE7v%2F8GHEn%2Fy8dZFrtsw4mm1u%2BmGxmF%2BUQGlh6NewH9ajlVqR0vbsDMtaTfbrerXRZb8gS48qsbh5rcbxyPSOuzw%3D%3D","environmentVariables":{"FIREBASE_CONFIG":"{\"projectId\":\"karmitp98\",\"storageBucket\":\"karmitp98.appspot.com\",\"locationId\":\"us-central\"}","GCLOUD_PROJECT":"karmitp98"},"runtime":"nodejs14","ingressSettings":"ALLOW_ALL","buildId":"b7475188-cbb8-4b7e-bb8b-b0a7f21982b0","buildName":"projects/637204849653/locations/us-central1/builds/b7475188-cbb8-4b7e-bb8b-b0a7f21982b0"},"versionId":"6","updateTime":"2021-12-30T00:20:23Z","buildId":"d9281c33-f9b8-41b7-988e-bbec3be4247f","buildName":"projects/637204849653/locations/us-central1/builds/d9281c33-f9b8-41b7-988e-bbec3be4247f"}}
[debug] [2021-12-30T00:20:39.766Z] [update-projects/karmitp98/locations/us-central1/functions/sendEmail] Retrying task index 0
[debug] [2021-12-30T00:20:39.766Z] >>> [apiv2][query] GET https://cloudfunctions.googleapis.com/v1/operations/a2FybWl0cDk4L3VzLWNlbnRyYWwxL3NlbmRFbWFpbC9aZG5CdXpkZ3RGdw [none]
[debug] [2021-12-30T00:20:39.969Z] <<< [apiv2][status] GET https://cloudfunctions.googleapis.com/v1/operations/a2FybWl0cDk4L3VzLWNlbnRyYWwxL3NlbmRFbWFpbC9aZG5CdXpkZ3RGdw 200
[debug] [2021-12-30T00:20:39.969Z] <<< [apiv2][body] GET https://cloudfunctions.googleapis.com/v1/operations/a2FybWl0cDk4L3VzLWNlbnRyYWwxL3NlbmRFbWFpbC9aZG5CdXpkZ3RGdw {"name":"operations/a2FybWl0cDk4L3VzLWNlbnRyYWwxL3NlbmRFbWFpbC9aZG5CdXpkZ3RGdw","metadata":{"@type":"type.googleapis.com/google.cloud.functions.v1.OperationMetadataV1","target":"projects/karmitp98/locations/us-central1/functions/sendEmail","type":"UPDATE_FUNCTION","request":{"@type":"type.googleapis.com/google.cloud.functions.v1.CloudFunction","name":"projects/karmitp98/locations/us-central1/functions/sendEmail","eventTrigger":{"eventType":"providers/cloud.firestore/eventTypes/document.write","resource":"projects/karmitp98/databases/(default)/documents/messages/{messageId}","service":"firestore.googleapis.com"},"status":"ACTIVE","entryPoint":"sendEmail","timeout":"60s","availableMemoryMb":256,"serviceAccountEmail":"karmitp98@appspot.gserviceaccount.com","updateTime":"2021-12-30T00:11:18.761Z","versionId":"5","labels":{"deployment-tool":"cli-firebase"},"sourceUploadUrl":"https://storage.googleapis.com/gcf-upload-us-central1-1d779fad-c201-483a-b228-0a8ffede1c18/5aec6d43-f22c-484f-9168-c0913a82bb15.zip?GoogleAccessId=service-637204849653@gcf-admin-robot.iam.gserviceaccount.com&Expires=1640825420&Signature=JYB09GqV%2F7liXbPyxMccHtUGcDFXEXBmzQJXpl3CRNH3V%2FoQX3r8GwwG7cZR8OS4oAKWlBx6aTpBMP7JQKQGW3TqovNeVqrfJpSeuFZRNYNjb3JzNBT4Jin3xQHs6Wgs2d982MNdyIeo%2FKEMhP1sKqC8kP22wE1pLZt3SOZFCxzHAB%2F4esSo3%2BaMsNBw8whIPWk9bMuL0tEaXQdkhnS2IOYdeIYuHfjCwU%2BUv1XDy2gYEDfWn4n2si7i2ne9D5tE7v%2F8GHEn%2Fy8dZFrtsw4mm1u%2BmGxmF%2BUQGlh6NewH9ajlVqR0vbsDMtaTfbrerXRZb8gS48qsbh5rcbxyPSOuzw%3D%3D","environmentVariables":{"FIREBASE_CONFIG":"{\"projectId\":\"karmitp98\",\"storageBucket\":\"karmitp98.appspot.com\",\"locationId\":\"us-central\"}","GCLOUD_PROJECT":"karmitp98"},"runtime":"nodejs14","ingressSettings":"ALLOW_ALL","buildId":"b7475188-cbb8-4b7e-bb8b-b0a7f21982b0","buildName":"projects/637204849653/locations/us-central1/builds/b7475188-cbb8-4b7e-bb8b-b0a7f21982b0"},"versionId":"6","updateTime":"2021-12-30T00:20:23Z","buildId":"d9281c33-f9b8-41b7-988e-bbec3be4247f","buildName":"projects/637204849653/locations/us-central1/builds/d9281c33-f9b8-41b7-988e-bbec3be4247f"}}
[debug] [2021-12-30T00:20:55.982Z] [update-projects/karmitp98/locations/us-central1/functions/sendEmail] Retrying task index 0
[debug] [2021-12-30T00:20:55.985Z] >>> [apiv2][query] GET https://cloudfunctions.googleapis.com/v1/operations/a2FybWl0cDk4L3VzLWNlbnRyYWwxL3NlbmRFbWFpbC9aZG5CdXpkZ3RGdw [none]
[debug] [2021-12-30T00:20:56.170Z] <<< [apiv2][status] GET https://cloudfunctions.googleapis.com/v1/operations/a2FybWl0cDk4L3VzLWNlbnRyYWwxL3NlbmRFbWFpbC9aZG5CdXpkZ3RGdw 200
[debug] [2021-12-30T00:20:56.170Z] <<< [apiv2][body] GET https://cloudfunctions.googleapis.com/v1/operations/a2FybWl0cDk4L3VzLWNlbnRyYWwxL3NlbmRFbWFpbC9aZG5CdXpkZ3RGdw {"name":"operations/a2FybWl0cDk4L3VzLWNlbnRyYWwxL3NlbmRFbWFpbC9aZG5CdXpkZ3RGdw","metadata":{"@type":"type.googleapis.com/google.cloud.functions.v1.OperationMetadataV1","target":"projects/karmitp98/locations/us-central1/functions/sendEmail","type":"UPDATE_FUNCTION","request":{"@type":"type.googleapis.com/google.cloud.functions.v1.CloudFunction","name":"projects/karmitp98/locations/us-central1/functions/sendEmail","eventTrigger":{"eventType":"providers/cloud.firestore/eventTypes/document.write","resource":"projects/karmitp98/databases/(default)/documents/messages/{messageId}","service":"firestore.googleapis.com"},"status":"ACTIVE","entryPoint":"sendEmail","timeout":"60s","availableMemoryMb":256,"serviceAccountEmail":"karmitp98@appspot.gserviceaccount.com","updateTime":"2021-12-30T00:11:18.761Z","versionId":"5","labels":{"deployment-tool":"cli-firebase"},"sourceUploadUrl":"https://storage.googleapis.com/gcf-upload-us-central1-1d779fad-c201-483a-b228-0a8ffede1c18/5aec6d43-f22c-484f-9168-c0913a82bb15.zip?GoogleAccessId=service-637204849653@gcf-admin-robot.iam.gserviceaccount.com&Expires=1640825420&Signature=JYB09GqV%2F7liXbPyxMccHtUGcDFXEXBmzQJXpl3CRNH3V%2FoQX3r8GwwG7cZR8OS4oAKWlBx6aTpBMP7JQKQGW3TqovNeVqrfJpSeuFZRNYNjb3JzNBT4Jin3xQHs6Wgs2d982MNdyIeo%2FKEMhP1sKqC8kP22wE1pLZt3SOZFCxzHAB%2F4esSo3%2BaMsNBw8whIPWk9bMuL0tEaXQdkhnS2IOYdeIYuHfjCwU%2BUv1XDy2gYEDfWn4n2si7i2ne9D5tE7v%2F8GHEn%2Fy8dZFrtsw4mm1u%2BmGxmF%2BUQGlh6NewH9ajlVqR0vbsDMtaTfbrerXRZb8gS48qsbh5rcbxyPSOuzw%3D%3D","environmentVariables":{"FIREBASE_CONFIG":"{\"projectId\":\"karmitp98\",\"storageBucket\":\"karmitp98.appspot.com\",\"locationId\":\"us-central\"}","GCLOUD_PROJECT":"karmitp98"},"runtime":"nodejs14","ingressSettings":"ALLOW_ALL","buildId":"b7475188-cbb8-4b7e-bb8b-b0a7f21982b0","buildName":"projects/637204849653/locations/us-central1/builds/b7475188-cbb8-4b7e-bb8b-b0a7f21982b0"},"versionId":"6","updateTime":"2021-12-30T00:20:23Z","buildId":"d9281c33-f9b8-41b7-988e-bbec3be4247f","buildName":"projects/637204849653/locations/us-central1/builds/d9281c33-f9b8-41b7-988e-bbec3be4247f"}}
[debug] [2021-12-30T00:21:28.172Z] [update-projects/karmitp98/locations/us-central1/functions/sendEmail] Retrying task index 0
[debug] [2021-12-30T00:21:28.172Z] >>> [apiv2][query] GET https://cloudfunctions.googleapis.com/v1/operations/a2FybWl0cDk4L3VzLWNlbnRyYWwxL3NlbmRFbWFpbC9aZG5CdXpkZ3RGdw [none]
[debug] [2021-12-30T00:21:28.378Z] <<< [apiv2][status] GET https://cloudfunctions.googleapis.com/v1/operations/a2FybWl0cDk4L3VzLWNlbnRyYWwxL3NlbmRFbWFpbC9aZG5CdXpkZ3RGdw 200
[debug] [2021-12-30T00:21:28.378Z] <<< [apiv2][body] GET https://cloudfunctions.googleapis.com/v1/operations/a2FybWl0cDk4L3VzLWNlbnRyYWwxL3NlbmRFbWFpbC9aZG5CdXpkZ3RGdw {"name":"operations/a2FybWl0cDk4L3VzLWNlbnRyYWwxL3NlbmRFbWFpbC9aZG5CdXpkZ3RGdw","metadata":{"@type":"type.googleapis.com/google.cloud.functions.v1.OperationMetadataV1","target":"projects/karmitp98/locations/us-central1/functions/sendEmail","type":"UPDATE_FUNCTION","request":{"@type":"type.googleapis.com/google.cloud.functions.v1.CloudFunction","name":"projects/karmitp98/locations/us-central1/functions/sendEmail","eventTrigger":{"eventType":"providers/cloud.firestore/eventTypes/document.write","resource":"projects/karmitp98/databases/(default)/documents/messages/{messageId}","service":"firestore.googleapis.com"},"status":"ACTIVE","entryPoint":"sendEmail","timeout":"60s","availableMemoryMb":256,"serviceAccountEmail":"karmitp98@appspot.gserviceaccount.com","updateTime":"2021-12-30T00:11:18.761Z","versionId":"5","labels":{"deployment-tool":"cli-firebase"},"sourceUploadUrl":"https://storage.googleapis.com/gcf-upload-us-central1-1d779fad-c201-483a-b228-0a8ffede1c18/5aec6d43-f22c-484f-9168-c0913a82bb15.zip?GoogleAccessId=service-637204849653@gcf-admin-robot.iam.gserviceaccount.com&Expires=1640825420&Signature=JYB09GqV%2F7liXbPyxMccHtUGcDFXEXBmzQJXpl3CRNH3V%2FoQX3r8GwwG7cZR8OS4oAKWlBx6aTpBMP7JQKQGW3TqovNeVqrfJpSeuFZRNYNjb3JzNBT4Jin3xQHs6Wgs2d982MNdyIeo%2FKEMhP1sKqC8kP22wE1pLZt3SOZFCxzHAB%2F4esSo3%2BaMsNBw8whIPWk9bMuL0tEaXQdkhnS2IOYdeIYuHfjCwU%2BUv1XDy2gYEDfWn4n2si7i2ne9D5tE7v%2F8GHEn%2Fy8dZFrtsw4mm1u%2BmGxmF%2BUQGlh6NewH9ajlVqR0vbsDMtaTfbrerXRZb8gS48qsbh5rcbxyPSOuzw%3D%3D","environmentVariables":{"FIREBASE_CONFIG":"{\"projectId\":\"karmitp98\",\"storageBucket\":\"karmitp98.appspot.com\",\"locationId\":\"us-central\"}","GCLOUD_PROJECT":"karmitp98"},"runtime":"nodejs14","ingressSettings":"ALLOW_ALL","buildId":"b7475188-cbb8-4b7e-bb8b-b0a7f21982b0","buildName":"projects/637204849653/locations/us-central1/builds/b7475188-cbb8-4b7e-bb8b-b0a7f21982b0"},"versionId":"6","updateTime":"2021-12-30T00:20:23Z","buildId":"d9281c33-f9b8-41b7-988e-bbec3be4247f","sourceToken":"f48443b9-5233-4b70-a37e-a1f44461c873","buildName":"projects/637204849653/locations/us-central1/builds/d9281c33-f9b8-41b7-988e-bbec3be4247f"}}
[debug] [2021-12-30T00:21:28.378Z] Got sourceToken f48443b9-5233-4b70-a37e-a1f44461c873 for region us-central1
